{
  "history": {
    "loss": [
      2.0205801611854914,
      1.5042534596681736,
      1.3641413367708377,
      1.2269015091551776,
      1.1857901797395405,
      1.2237976526976435,
      1.2093852602220851,
      1.1642875732148459,
      1.1198573728437826,
      1.1838477213443228
    ],
    "L_CE": [
      2.0205801611854914,
      1.508629494243198,
      1.3753134825872997,
      1.2445123375408234,
      1.213340739409129,
      1.2388315863079495,
      1.2265852491060893,
      1.1801594363318548,
      1.1354640268144154,
      1.2022123781461564
    ],
    "L_intra": [
      0.4046939505163082,
      0.32849437317113545,
      0.33149800818796704,
      0.3194203711909867,
      0.3004984687590899,
      0.32346408830143514,
      0.31662737432920546,
      0.32122981113823035,
      0.3227794774035475,
      0.3204704783216123
    ],
    "L_inter": [
      -0.5943408323429572,
      -0.5766641857853906,
      -0.5897371663681518,
      -0.5910700466037977,
      -0.5926659801637776,
      -0.5892199258700789,
      -0.5850455868286887,
      -0.5882892289537468,
      -0.5899879755746883,
      -0.595332986542132
    ],
    "grad_var": [
      0.0010225166920535562,
      0.002801565065359076,
      0.00484948841732971,
      0.005186612544108241,
      0.005907111514788416,
      0.007064685944305171,
      0.0083570756565129,
      0.007214599135627467,
      0.008590024535632915,
      0.008058578032808053
    ],
    "intra_fid_gap": [
      0.5953060494836917,
      0.6715056268288648,
      0.6685019918120328,
      0.6805796288090133,
      0.6995015312409101,
      0.6765359116985649,
      0.6833726256707946,
      0.6787701888617698,
      0.6772205225964525,
      0.6795295216783879
    ],
    "inter_trace_dist": [
      0.5764792206653853,
      0.5935914117147305,
      0.5697851144099846,
      0.6130333436477419,
      0.5875694753595093,
      0.5923853600949393,
      0.5760432819533726,
      0.5907673534274007,
      0.6035384540982446,
      0.5850793917989109
    ],
    "epoch_sec": [
      49.97033918499983,
      50.9129059349998,
      50.6551244289999,
      50.763406999999916,
      51.097849215000224,
      50.7078673459996,
      50.74720514699993,
      50.64355185500017,
      50.6426958940001,
      50.422533724000004
    ]
  },
  "extra": {
    "lambda1_max": 0.5,
    "lambda2_max": 0.3,
    "q_threshold": 0.7844159686973502
  }
}